 Removing new lines from all the files

================Bateria de testes de A =========================
================Bateria de testes de B =========================
================Bateria de testes de C =========================
================Bateria de testes de D =========================
================Bateria de testes de E =========================
================Bateria de testes de F =========================
================Bateria de testes de J =========================
================Bateria de testes de K =========================
================Bateria de testes de L =========================
================Bateria de testes de M =========================
================Bateria de testes de O =========================
================Bateria de testes de P =========================
================Bateria de testes de Q =========================
================Bateria de testes de U =========================
================Bateria de testes de W =========================
done

============ DIFF CASES ============


================Bateria de testes de A =========================

=================>A-01-1-N-ok<========================
=================>A-02-2-N-ok<========================
=================>A-03-3-N-ok<========================
=================>A-04-4-N-ok<========================
=================>A-05-5-N-ok<========================
=================>A-06-6-N-ok<========================
=================>A-07-7-N-ok<========================
1c1
< X Y Z
\ No newline at end of file
---
> X h Y h Z 
\ No newline at end of file
=================>A-08-8-N-ok<========================

================Bateria de testes de B =========================

=================>B-01-9-N-ok<========================
=================>B-02-10-N-ok<========================
=================>B-03-11-N-ok<========================
=================>B-04-12-N-ok<========================
=================>B-05-13-N-ok<========================
=================>B-06-14-N-ok<========================
=================>B-07-15-N-ok<========================
=================>B-08-16-N-ok<========================
=================>B-09-17-N-ok<========================
=================>B-010-18-N-ok<========================
=================>B-011-19-N-ok<========================
=================>B-012-20-N-ok<========================
=================>B-013-21-N-ok<========================
=================>B-014-22-N-ok<========================
1d0
< 0
\ No newline at end of file
=================>B-015-23-N-ok<========================
1d0
< 0
\ No newline at end of file
=================>B-016-24-N-ok<========================
=================>B-017-25-N-ok<========================
=================>B-020-26-N-ok<========================
=================>B-021-27-N-ok<========================
=================>B-022-28-N-ok<========================
=================>B-023-29-N-ok<========================
=================>B-024-30-N-ok<========================
=================>B-025-31-N-ok<========================
=================>B-026-32-N-ok<========================
=================>B-027-33-N-ok<========================

================Bateria de testes de C =========================

=================>C-01-34-N-ok<========================
1c1
<  0
\ No newline at end of file
---
> 0
\ No newline at end of file
=================>C-02-35-N-ok<========================
1c1
<  4
\ No newline at end of file
---
> 4
\ No newline at end of file
=================>C-03-36-N-ok<========================
=================>C-04-37-N-ok<========================
=================>C-05-38-N-ok<========================
=================>C-06-39-N-ok<========================
=================>C-07-40-N-ok<========================
=================>C-08-41-N-ok<========================
=================>C-09-42-N-ok<========================
=================>C-010-43-N-ok<========================
=================>C-011-44-N-ok<========================
=================>C-012-45-N-ok<========================
=================>C-013-46-N-ok<========================
=================>C-014-47-N-ok<========================
1d0
< 0
\ No newline at end of file
=================>C-015-48-N-ok<========================
1d0
< 0
\ No newline at end of file
=================>C-016-49-N-ok<========================
1d0
< 0
\ No newline at end of file
=================>C-017-50-N-ok<========================
=================>C-018-51-N-ok<========================
=================>C-019-52-N-ok<========================
=================>C-020-53-N-ok<========================

================Bateria de testes de D =========================

=================>D-01-54-N-ok<========================
=================>D-02-55-N-ok<========================
=================>D-03-56-N-ok<========================

================Bateria de testes de E =========================

=================>E-01-57-N-ok<========================
=================>E-02-58-N-ok<========================
=================>E-03-59-N-ok<========================
=================>E-04-60-N-ok<========================
=================>E-05-61-N-ok<========================
=================>E-06-62-N-ok<========================
=================>E-07-63-N-ok<========================
=================>E-08-64-N-ok<========================
=================>E-09-65-N-ok<========================
=================>E-010-66-N-ok<========================
=================>E-011-67-N-ok<========================

================Bateria de testes de F =========================

=================>F-01-68-N-ok<========================
=================>F-02-69-N-ok<========================
=================>F-03-70-N-ok<========================
=================>F-04-71-N-ok<========================

================Bateria de testes de J =========================

=================>J-01-72-N-ok<========================
=================>J-02-73-N-ok<========================
=================>J-03-74-N-ok<========================
=================>J-04-75-N-ok<========================
=================>J-05-76-N-ok<========================
=================>J-06-77-N-ok<========================
1d0
< 1
\ No newline at end of file
=================>J-07-78-N-ok<========================
=================>J-08-79-N-ok<========================
=================>J-09-80-N-ok<========================

================Bateria de testes de K =========================

=================>K-01-81-N-ok<========================
=================>K-02-82-N-ok<========================
=================>K-03-83-N-ok<========================
=================>K-04-84-N-ok<========================
=================>K-05-85-N-ok<========================
=================>K-06-86-N-ok<========================
=================>K-07-87-N-ok<========================
=================>K-08-88-N-ok<========================
=================>K-09-89-N-ok<========================
=================>K-010-90-N-ok<========================
=================>K-011-91-N-ok<========================

================Bateria de testes de L =========================

=================>L-01-92-N-ok<========================
=================>L-02-93-N-ok<========================
=================>L-03-94-N-ok<========================

================Bateria de testes de M =========================

=================>M-01-95-N-ok<========================
1c1
< 135
\ No newline at end of file
---
> 35
\ No newline at end of file
=================>M-02-96-N-ok<========================

================Bateria de testes de O =========================

=================>O-01-97-N-ok<========================
1c1
< 1.3E15
\ No newline at end of file
---
> 32
\ No newline at end of file
=================>O-02-98-N-ok<========================
1c1
< 1E12
\ No newline at end of file
---
> 5E-3231E-323
\ No newline at end of file
=================>O-03-99-N-ok<========================
1d0
< 99
\ No newline at end of file

================Bateria de testes de P =========================

=================>P-01-100-N-ok<========================
1c1
< 6.2E33.1E3
\ No newline at end of file
---
> 6.2E43.1E4
\ No newline at end of file
=================>P-02-101-N-ok<========================
=================>P-03-102-N-ok<========================
1d0
< 22223333
\ No newline at end of file
=================>P-04-103-N-ok<========================
=================>P-05-104-N-ok<========================
1c1
< 6
\ No newline at end of file
---
> 0
\ No newline at end of file
=================>P-06-105-N-ok<========================
1d0
< 3
\ No newline at end of file
=================>P-07-106-N-ok<========================

================Bateria de testes de Q =========================

=================>Q-01-107-N-ok<========================
=================>Q-02-108-N-ok<========================
=================>Q-03-109-N-ok<========================
=================>Q-04-110-N-ok<========================
=================>Q-05-111-N-ok<========================
=================>Q-06-112-N-ok<========================
=================>Q-07-113-N-ok<========================

================Bateria de testes de U =========================

=================>U-01-114-N-ok<========================
=================>U-02-115-N-ok<========================
=================>U-03-116-N-ok<========================
=================>U-04-117-N-ok<========================
=================>U-05-118-N-ok<========================
=================>U-06-119-N-ok<========================

================Bateria de testes de W =========================

=================>W-01-120-N-ok<========================
=================>W-02-121-N-ok<========================
=================>W-03-122-N-ok<========================
DONE

